13:14:57 DEBUG : Logs will be stored at 'C:/ECE544-EmbeddedSystemsFPGA/ece544w25_proj1/ECE544-Project1/IDE.log'.
13:14:59 INFO  : Launching XSCT server: xsct.bat -n  -interactive C:\ECE544-EmbeddedSystemsFPGA\ece544w25_proj1\ECE544-Project1\temp_xsdb_launch_script.tcl
13:14:59 INFO  : Registering command handlers for Vitis TCF services
13:14:59 INFO  : Platform repository initialization has completed.
13:15:01 INFO  : XSCT server has started successfully.
13:15:02 INFO  : plnx-install-location is set to ''
13:15:02 INFO  : Successfully done setting XSCT server connection channel  
13:15:02 INFO  : Successfully done query RDI_DATADIR 
13:15:02 INFO  : Successfully done setting workspace for the tool. 
13:16:47 INFO  : Result from executing command 'getProjects': nexysa7fpga
13:16:47 INFO  : Result from executing command 'getPlatforms': xilinx_zcu102_base_202220_1|C:/Xilinx/Vitis/2022.2/base_platforms/xilinx_zcu102_base_202220_1/xilinx_zcu102_base_202220_1.xpfm;xilinx_zcu102_base_dfx_202220_1|C:/Xilinx/Vitis/2022.2/base_platforms/xilinx_zcu102_base_dfx_202220_1/xilinx_zcu102_base_dfx_202220_1.xpfm;xilinx_zcu104_base_202220_1|C:/Xilinx/Vitis/2022.2/base_platforms/xilinx_zcu104_base_202220_1/xilinx_zcu104_base_202220_1.xpfm
13:16:47 WARN  : An unexpected exception occurred in the module 'platform project logging'
13:16:47 INFO  : Platform 'nexysa7fpga' is added to custom repositories.
13:16:49 INFO  : Platform 'nexysa7fpga' is added to custom repositories.
13:19:45 DEBUG : Logs will be stored at 'C:/ECE544-EmbeddedSystemsFPGA/ece544w25_proj1/ECE544-Project1/IDE.log'.
13:19:45 INFO  : Launching XSCT server: xsct.bat -n  -interactive C:\ECE544-EmbeddedSystemsFPGA\ece544w25_proj1\ECE544-Project1\temp_xsdb_launch_script.tcl
13:19:47 INFO  : XSCT server has started successfully.
13:19:47 INFO  : plnx-install-location is set to ''
13:19:47 INFO  : Successfully done setting XSCT server connection channel  
13:19:47 INFO  : Successfully done setting workspace for the tool. 
13:19:47 INFO  : Registering command handlers for Vitis TCF services
13:19:47 INFO  : Successfully done query RDI_DATADIR 
13:19:48 INFO  : Platform repository initialization has completed.
13:20:28 INFO  : Result from executing command 'getProjects': nexysa7fpga
13:20:28 INFO  : Result from executing command 'getPlatforms': nexysa7fpga|C:/ECE544-EmbeddedSystemsFPGA/ece544w25_proj1/ECE544-Project1/nexysa7fpga/export/nexysa7fpga/nexysa7fpga.xpfm;xilinx_zcu102_base_202220_1|C:/Xilinx/Vitis/2022.2/base_platforms/xilinx_zcu102_base_202220_1/xilinx_zcu102_base_202220_1.xpfm;xilinx_zcu102_base_dfx_202220_1|C:/Xilinx/Vitis/2022.2/base_platforms/xilinx_zcu102_base_dfx_202220_1/xilinx_zcu102_base_dfx_202220_1.xpfm;xilinx_zcu104_base_202220_1|C:/Xilinx/Vitis/2022.2/base_platforms/xilinx_zcu104_base_202220_1/xilinx_zcu104_base_202220_1.xpfm
13:20:28 INFO  : Checking for BSP changes to sync application flags for project 'Test_Program'...
13:21:22 INFO  : Bit file 'C:/ECE544-EmbeddedSystemsFPGA/ece544w25_proj1/ECE544-Project1/Test_Program/_ide/bitstream/download.bit' is generated.
13:21:22 INFO  : Connected to target on host '127.0.0.1' and port '3121'.
13:21:22 INFO  : 'targets -set -filter {jtag_cable_name =~ "Digilent Nexys A7 -100T 210292BB2FBAA" && level==0 && jtag_device_ctx=="jsn-Nexys A7 -100T-210292BB2FBAA-13631093-0"}' command is executed.
13:21:24 INFO  : Device configured successfully with "C:/ECE544-EmbeddedSystemsFPGA/ece544w25_proj1/ECE544-Project1/Test_Program/_ide/bitstream/download.bit"
13:23:19 INFO  : Checking for BSP changes to sync application flags for project 'Test_Program'...
13:23:34 INFO  : Bit file 'C:/ECE544-EmbeddedSystemsFPGA/ece544w25_proj1/ECE544-Project1/Test_Program/_ide/bitstream/download.bit' is generated.
13:23:34 INFO  : Connected to target on host '127.0.0.1' and port '3121'.
13:23:34 INFO  : 'targets -set -filter {jtag_cable_name =~ "Digilent Nexys A7 -100T 210292BB2FBAA" && level==0 && jtag_device_ctx=="jsn-Nexys A7 -100T-210292BB2FBAA-13631093-0"}' command is executed.
13:23:36 INFO  : Device configured successfully with "C:/ECE544-EmbeddedSystemsFPGA/ece544w25_proj1/ECE544-Project1/Test_Program/_ide/bitstream/download.bit"
13:24:32 INFO  : Checking for BSP changes to sync application flags for project 'Test_Program'...
13:25:11 INFO  : Checking for BSP changes to sync application flags for project 'Test_Program'...
13:25:31 INFO  : Bit file 'C:/ECE544-EmbeddedSystemsFPGA/ece544w25_proj1/ECE544-Project1/Test_Program/_ide/bitstream/download.bit' is generated.
13:25:55 INFO  : Connected to target on host '127.0.0.1' and port '3121'.
13:26:08 INFO  : Bit file 'C:/ECE544-EmbeddedSystemsFPGA/ece544w25_proj1/ECE544-Project1/Test_Program/_ide/bitstream/download.bit' is generated.
13:26:08 INFO  : Connected to target on host '127.0.0.1' and port '3121'.
13:26:08 INFO  : 'targets -set -filter {jtag_cable_name =~ "Digilent Nexys A7 -100T 210292BB2FBAA" && level==0 && jtag_device_ctx=="jsn-Nexys A7 -100T-210292BB2FBAA-13631093-0"}' command is executed.
13:26:11 INFO  : Device configured successfully with "C:/ECE544-EmbeddedSystemsFPGA/ece544w25_proj1/ECE544-Project1/Test_Program/_ide/bitstream/download.bit"
13:30:06 DEBUG : Logs will be stored at 'C:/ECE544-EmbeddedSystemsFPGA/ece544w25_proj1/ECE544-Project1/IDE.log'.
13:30:06 INFO  : Launching XSCT server: xsct.bat -n  -interactive C:\ECE544-EmbeddedSystemsFPGA\ece544w25_proj1\ECE544-Project1\temp_xsdb_launch_script.tcl
13:30:08 INFO  : XSCT server has started successfully.
13:30:08 INFO  : plnx-install-location is set to ''
13:30:08 INFO  : Successfully done setting XSCT server connection channel  
13:30:08 INFO  : Successfully done setting workspace for the tool. 
13:30:09 INFO  : Successfully done query RDI_DATADIR 
13:30:09 INFO  : Registering command handlers for Vitis TCF services
13:30:09 INFO  : Platform repository initialization has completed.
13:30:51 INFO  : Result from executing command 'removePlatformRepo': 
13:30:56 INFO  : Result from executing command 'getProjects': nexysa7fpga
13:30:56 INFO  : Result from executing command 'getPlatforms': xilinx_zcu102_base_202220_1|C:/Xilinx/Vitis/2022.2/base_platforms/xilinx_zcu102_base_202220_1/xilinx_zcu102_base_202220_1.xpfm;xilinx_zcu102_base_dfx_202220_1|C:/Xilinx/Vitis/2022.2/base_platforms/xilinx_zcu102_base_dfx_202220_1/xilinx_zcu102_base_dfx_202220_1.xpfm;xilinx_zcu104_base_202220_1|C:/Xilinx/Vitis/2022.2/base_platforms/xilinx_zcu104_base_202220_1/xilinx_zcu104_base_202220_1.xpfm
13:30:58 INFO  : Result from executing command 'removePlatformRepo': 
13:31:02 INFO  : Result from executing command 'getProjects': nexysa7fpga
13:31:02 INFO  : Result from executing command 'getPlatforms': xilinx_zcu102_base_202220_1|C:/Xilinx/Vitis/2022.2/base_platforms/xilinx_zcu102_base_202220_1/xilinx_zcu102_base_202220_1.xpfm;xilinx_zcu102_base_dfx_202220_1|C:/Xilinx/Vitis/2022.2/base_platforms/xilinx_zcu102_base_dfx_202220_1/xilinx_zcu102_base_dfx_202220_1.xpfm;xilinx_zcu104_base_202220_1|C:/Xilinx/Vitis/2022.2/base_platforms/xilinx_zcu104_base_202220_1/xilinx_zcu104_base_202220_1.xpfm
13:31:03 INFO  : Checking for BSP changes to sync application flags for project 'Test_Program'...
13:31:21 INFO  : Bit file 'C:/ECE544-EmbeddedSystemsFPGA/ece544w25_proj1/ECE544-Project1/Test_Program/_ide/bitstream/download.bit' is generated.
13:31:21 INFO  : Connected to target on host '127.0.0.1' and port '3121'.
13:31:21 INFO  : 'targets -set -filter {jtag_cable_name =~ "Digilent Nexys A7 -100T 210292BB2FBAA" && level==0 && jtag_device_ctx=="jsn-Nexys A7 -100T-210292BB2FBAA-13631093-0"}' command is executed.
13:31:24 INFO  : Device configured successfully with "C:/ECE544-EmbeddedSystemsFPGA/ece544w25_proj1/ECE544-Project1/Test_Program/_ide/bitstream/download.bit"
13:32:06 INFO  : Connected to target on host '127.0.0.1' and port '3121'.
13:32:06 INFO  : Jtag cable 'Digilent Nexys A7 -100T 210292BB2FBAA' is selected.
13:32:06 INFO  : 'jtag frequency' command is executed.
13:32:06 INFO  : 'targets -set -filter {jtag_cable_name =~ "Digilent Nexys A7 -100T 210292BB2FBAA" && level==0 && jtag_device_ctx=="jsn-Nexys A7 -100T-210292BB2FBAA-13631093-0"}' command is executed.
13:32:08 INFO  : Device configured successfully with "C:/ECE544-EmbeddedSystemsFPGA/ece544w25_proj1/ECE544-Project1/Test_Program/_ide/bitstream/download.bit"
13:32:08 INFO  : Context for processor 'microblaze_0' is selected.
13:32:08 INFO  : Hardware design and registers information is loaded from 'C:/ECE544-EmbeddedSystemsFPGA/ece544w25_proj1/ECE544-Project1/nexysa7fpga/export/nexysa7fpga/hw/nexysa7fpga.xsa'.
13:32:08 INFO  : 'configparams mdm-detect-bscan-mask 2' command is executed.
13:32:08 INFO  : Context for processor 'microblaze_0' is selected.
13:32:08 INFO  : System reset is completed.
13:32:11 INFO  : 'after 3000' command is executed.
13:32:11 INFO  : Context for processor 'microblaze_0' is selected.
13:32:11 INFO  : The application 'C:/ECE544-EmbeddedSystemsFPGA/ece544w25_proj1/ECE544-Project1/Test_Program/Debug/Test_Program.elf' is downloaded to processor 'microblaze_0'.
13:32:11 INFO  : ----------------XSDB Script----------------
connect -url tcp:127.0.0.1:3121
targets -set -filter {jtag_cable_name =~ "Digilent Nexys A7 -100T 210292BB2FBAA" && level==0 && jtag_device_ctx=="jsn-Nexys A7 -100T-210292BB2FBAA-13631093-0"}
fpga -file C:/ECE544-EmbeddedSystemsFPGA/ece544w25_proj1/ECE544-Project1/Test_Program/_ide/bitstream/download.bit
targets -set -nocase -filter {name =~ "*microblaze*#0" && bscan=="USER2" }
loadhw -hw C:/ECE544-EmbeddedSystemsFPGA/ece544w25_proj1/ECE544-Project1/nexysa7fpga/export/nexysa7fpga/hw/nexysa7fpga.xsa -regs
configparams mdm-detect-bscan-mask 2
targets -set -nocase -filter {name =~ "*microblaze*#0" && bscan=="USER2" }
rst -system
after 3000
targets -set -nocase -filter {name =~ "*microblaze*#0" && bscan=="USER2" }
dow C:/ECE544-EmbeddedSystemsFPGA/ece544w25_proj1/ECE544-Project1/Test_Program/Debug/Test_Program.elf
----------------End of Script----------------

13:32:12 INFO  : Context for processor 'microblaze_0' is selected.
13:32:12 INFO  : 'con' command is executed.
13:32:12 INFO  : ----------------XSDB Script (After Launch)----------------
targets -set -nocase -filter {name =~ "*microblaze*#0" && bscan=="USER2" }
con
----------------End of Script----------------

13:32:12 INFO  : Launch script is exported to file 'C:\ECE544-EmbeddedSystemsFPGA\ece544w25_proj1\ECE544-Project1\Test_Program_system\_ide\scripts\systemdebugger_test_program_system_standalone.tcl'
13:32:18 INFO  : Disconnected from the channel tcfchan#5.
13:32:18 INFO  : Connected to target on host '127.0.0.1' and port '3121'.
13:32:18 INFO  : Jtag cable 'Digilent Nexys A7 -100T 210292BB2FBAA' is selected.
13:32:18 INFO  : 'jtag frequency' command is executed.
13:32:18 INFO  : 'targets -set -filter {jtag_cable_name =~ "Digilent Nexys A7 -100T 210292BB2FBAA" && level==0 && jtag_device_ctx=="jsn-Nexys A7 -100T-210292BB2FBAA-13631093-0"}' command is executed.
13:32:20 INFO  : Device configured successfully with "C:/ECE544-EmbeddedSystemsFPGA/ece544w25_proj1/ECE544-Project1/Test_Program/_ide/bitstream/download.bit"
13:32:20 INFO  : Context for processor 'microblaze_0' is selected.
13:32:20 INFO  : Hardware design and registers information is loaded from 'C:/ECE544-EmbeddedSystemsFPGA/ece544w25_proj1/ECE544-Project1/nexysa7fpga/export/nexysa7fpga/hw/nexysa7fpga.xsa'.
13:32:20 INFO  : 'configparams mdm-detect-bscan-mask 2' command is executed.
13:32:20 INFO  : Context for processor 'microblaze_0' is selected.
13:32:20 INFO  : System reset is completed.
13:32:23 INFO  : 'after 3000' command is executed.
13:32:23 INFO  : Context for processor 'microblaze_0' is selected.
13:32:23 INFO  : The application 'C:/ECE544-EmbeddedSystemsFPGA/ece544w25_proj1/ECE544-Project1/Test_Program/Debug/Test_Program.elf' is downloaded to processor 'microblaze_0'.
13:32:23 INFO  : ----------------XSDB Script----------------
connect -url tcp:127.0.0.1:3121
targets -set -filter {jtag_cable_name =~ "Digilent Nexys A7 -100T 210292BB2FBAA" && level==0 && jtag_device_ctx=="jsn-Nexys A7 -100T-210292BB2FBAA-13631093-0"}
fpga -file C:/ECE544-EmbeddedSystemsFPGA/ece544w25_proj1/ECE544-Project1/Test_Program/_ide/bitstream/download.bit
targets -set -nocase -filter {name =~ "*microblaze*#0" && bscan=="USER2" }
loadhw -hw C:/ECE544-EmbeddedSystemsFPGA/ece544w25_proj1/ECE544-Project1/nexysa7fpga/export/nexysa7fpga/hw/nexysa7fpga.xsa -regs
configparams mdm-detect-bscan-mask 2
targets -set -nocase -filter {name =~ "*microblaze*#0" && bscan=="USER2" }
rst -system
after 3000
targets -set -nocase -filter {name =~ "*microblaze*#0" && bscan=="USER2" }
dow C:/ECE544-EmbeddedSystemsFPGA/ece544w25_proj1/ECE544-Project1/Test_Program/Debug/Test_Program.elf
----------------End of Script----------------

13:32:23 INFO  : Context for processor 'microblaze_0' is selected.
13:32:23 INFO  : 'con' command is executed.
13:32:23 INFO  : ----------------XSDB Script (After Launch)----------------
targets -set -nocase -filter {name =~ "*microblaze*#0" && bscan=="USER2" }
con
----------------End of Script----------------

13:32:23 INFO  : Launch script is exported to file 'C:\ECE544-EmbeddedSystemsFPGA\ece544w25_proj1\ECE544-Project1\Test_Program_system\_ide\scripts\systemdebugger_test_program_system_standalone.tcl'
13:32:29 INFO  : Disconnected from the channel tcfchan#6.
13:32:29 INFO  : Connected to target on host '127.0.0.1' and port '3121'.
13:32:29 INFO  : Jtag cable 'Digilent Nexys A7 -100T 210292BB2FBAA' is selected.
13:32:29 INFO  : 'jtag frequency' command is executed.
13:32:29 INFO  : 'targets -set -filter {jtag_cable_name =~ "Digilent Nexys A7 -100T 210292BB2FBAA" && level==0 && jtag_device_ctx=="jsn-Nexys A7 -100T-210292BB2FBAA-13631093-0"}' command is executed.
13:32:32 INFO  : Device configured successfully with "C:/ECE544-EmbeddedSystemsFPGA/ece544w25_proj1/ECE544-Project1/Test_Program/_ide/bitstream/download.bit"
13:32:32 INFO  : Context for processor 'microblaze_0' is selected.
13:32:32 INFO  : Hardware design and registers information is loaded from 'C:/ECE544-EmbeddedSystemsFPGA/ece544w25_proj1/ECE544-Project1/nexysa7fpga/export/nexysa7fpga/hw/nexysa7fpga.xsa'.
13:32:32 INFO  : 'configparams mdm-detect-bscan-mask 2' command is executed.
13:32:32 INFO  : Context for processor 'microblaze_0' is selected.
13:32:32 INFO  : System reset is completed.
13:32:35 INFO  : 'after 3000' command is executed.
13:32:35 INFO  : Context for processor 'microblaze_0' is selected.
13:32:35 INFO  : The application 'C:/ECE544-EmbeddedSystemsFPGA/ece544w25_proj1/ECE544-Project1/Test_Program/Debug/Test_Program.elf' is downloaded to processor 'microblaze_0'.
13:32:35 INFO  : ----------------XSDB Script----------------
connect -url tcp:127.0.0.1:3121
targets -set -filter {jtag_cable_name =~ "Digilent Nexys A7 -100T 210292BB2FBAA" && level==0 && jtag_device_ctx=="jsn-Nexys A7 -100T-210292BB2FBAA-13631093-0"}
fpga -file C:/ECE544-EmbeddedSystemsFPGA/ece544w25_proj1/ECE544-Project1/Test_Program/_ide/bitstream/download.bit
targets -set -nocase -filter {name =~ "*microblaze*#0" && bscan=="USER2" }
loadhw -hw C:/ECE544-EmbeddedSystemsFPGA/ece544w25_proj1/ECE544-Project1/nexysa7fpga/export/nexysa7fpga/hw/nexysa7fpga.xsa -regs
configparams mdm-detect-bscan-mask 2
targets -set -nocase -filter {name =~ "*microblaze*#0" && bscan=="USER2" }
rst -system
after 3000
targets -set -nocase -filter {name =~ "*microblaze*#0" && bscan=="USER2" }
dow C:/ECE544-EmbeddedSystemsFPGA/ece544w25_proj1/ECE544-Project1/Test_Program/Debug/Test_Program.elf
----------------End of Script----------------

13:32:35 INFO  : Context for processor 'microblaze_0' is selected.
13:32:35 INFO  : 'con' command is executed.
13:32:35 INFO  : ----------------XSDB Script (After Launch)----------------
targets -set -nocase -filter {name =~ "*microblaze*#0" && bscan=="USER2" }
con
----------------End of Script----------------

13:32:35 INFO  : Launch script is exported to file 'C:\ECE544-EmbeddedSystemsFPGA\ece544w25_proj1\ECE544-Project1\Test_Program_system\_ide\scripts\systemdebugger_test_program_system_standalone.tcl'
13:32:38 INFO  : Checking for BSP changes to sync application flags for project 'Test_Program'...
13:32:41 INFO  : Disconnected from the channel tcfchan#7.
13:32:41 INFO  : Connected to target on host '127.0.0.1' and port '3121'.
13:32:42 INFO  : Jtag cable 'Digilent Nexys A7 -100T 210292BB2FBAA' is selected.
13:32:42 INFO  : 'jtag frequency' command is executed.
13:32:42 INFO  : 'targets -set -filter {jtag_cable_name =~ "Digilent Nexys A7 -100T 210292BB2FBAA" && level==0 && jtag_device_ctx=="jsn-Nexys A7 -100T-210292BB2FBAA-13631093-0"}' command is executed.
13:32:44 INFO  : Device configured successfully with "C:/ECE544-EmbeddedSystemsFPGA/ece544w25_proj1/ECE544-Project1/Test_Program/_ide/bitstream/download.bit"
13:32:44 INFO  : Context for processor 'microblaze_0' is selected.
13:32:44 INFO  : Hardware design and registers information is loaded from 'C:/ECE544-EmbeddedSystemsFPGA/ece544w25_proj1/ECE544-Project1/nexysa7fpga/export/nexysa7fpga/hw/nexysa7fpga.xsa'.
13:32:44 INFO  : 'configparams mdm-detect-bscan-mask 2' command is executed.
13:32:44 INFO  : Context for processor 'microblaze_0' is selected.
13:32:44 INFO  : System reset is completed.
13:32:47 INFO  : 'after 3000' command is executed.
13:32:47 INFO  : Context for processor 'microblaze_0' is selected.
13:32:47 INFO  : The application 'C:/ECE544-EmbeddedSystemsFPGA/ece544w25_proj1/ECE544-Project1/Test_Program/Debug/Test_Program.elf' is downloaded to processor 'microblaze_0'.
13:32:47 INFO  : ----------------XSDB Script----------------
connect -url tcp:127.0.0.1:3121
targets -set -filter {jtag_cable_name =~ "Digilent Nexys A7 -100T 210292BB2FBAA" && level==0 && jtag_device_ctx=="jsn-Nexys A7 -100T-210292BB2FBAA-13631093-0"}
fpga -file C:/ECE544-EmbeddedSystemsFPGA/ece544w25_proj1/ECE544-Project1/Test_Program/_ide/bitstream/download.bit
targets -set -nocase -filter {name =~ "*microblaze*#0" && bscan=="USER2" }
loadhw -hw C:/ECE544-EmbeddedSystemsFPGA/ece544w25_proj1/ECE544-Project1/nexysa7fpga/export/nexysa7fpga/hw/nexysa7fpga.xsa -regs
configparams mdm-detect-bscan-mask 2
targets -set -nocase -filter {name =~ "*microblaze*#0" && bscan=="USER2" }
rst -system
after 3000
targets -set -nocase -filter {name =~ "*microblaze*#0" && bscan=="USER2" }
dow C:/ECE544-EmbeddedSystemsFPGA/ece544w25_proj1/ECE544-Project1/Test_Program/Debug/Test_Program.elf
----------------End of Script----------------

13:32:47 INFO  : Context for processor 'microblaze_0' is selected.
13:32:47 INFO  : 'con' command is executed.
13:32:47 INFO  : ----------------XSDB Script (After Launch)----------------
targets -set -nocase -filter {name =~ "*microblaze*#0" && bscan=="USER2" }
con
----------------End of Script----------------

13:32:47 INFO  : Launch script is exported to file 'C:\ECE544-EmbeddedSystemsFPGA\ece544w25_proj1\ECE544-Project1\Test_Program_system\_ide\scripts\systemdebugger_test_program_system_standalone.tcl'
13:33:43 INFO  : Bit file 'C:/ECE544-EmbeddedSystemsFPGA/ece544w25_proj1/ECE544-Project1/Test_Program/_ide/bitstream/download.bit' is generated.
13:34:23 INFO  : No changes in MSS file content so sources will not be generated.
13:34:36 INFO  : Disconnected from the channel tcfchan#8.
13:47:33 DEBUG : Logs will be stored at 'C:/ECE544-EmbeddedSystemsFPGA/ece544w25_proj1/ECE544-Project1/IDE.log'.
13:47:34 INFO  : Launching XSCT server: xsct.bat -n  -interactive C:\ECE544-EmbeddedSystemsFPGA\ece544w25_proj1\ECE544-Project1\temp_xsdb_launch_script.tcl
13:47:35 INFO  : Registering command handlers for Vitis TCF services
13:47:36 INFO  : XSCT server has started successfully.
13:47:36 INFO  : Platform repository initialization has completed.
13:47:36 INFO  : Successfully done setting XSCT server connection channel  
13:47:36 INFO  : plnx-install-location is set to ''
13:47:36 INFO  : Successfully done query RDI_DATADIR 
13:47:36 INFO  : Successfully done setting workspace for the tool. 
13:47:51 INFO  : No changes in MSS file content so sources will not be generated.
13:48:01 INFO  : Successfully removed platform .
13:48:01 INFO  : Platform 'nexysa7fpga' is added to custom repositories.
13:48:27 INFO  : No changes in MSS file content so sources will not be generated.
13:49:52 INFO  : Result from executing command 'getProjects': embsys
13:49:52 INFO  : Result from executing command 'getPlatforms': xilinx_zcu102_base_202220_1|C:/Xilinx/Vitis/2022.2/base_platforms/xilinx_zcu102_base_202220_1/xilinx_zcu102_base_202220_1.xpfm;xilinx_zcu102_base_dfx_202220_1|C:/Xilinx/Vitis/2022.2/base_platforms/xilinx_zcu102_base_dfx_202220_1/xilinx_zcu102_base_dfx_202220_1.xpfm;xilinx_zcu104_base_202220_1|C:/Xilinx/Vitis/2022.2/base_platforms/xilinx_zcu104_base_202220_1/xilinx_zcu104_base_202220_1.xpfm
13:50:02 INFO  : Result from executing command 'getProjects': embsys
13:50:02 INFO  : Result from executing command 'getPlatforms': embsys|C:/ECE544-EmbeddedSystemsFPGA/ece544w25_proj1/ECE544-Project1/embsys/export/embsys/embsys.xpfm;xilinx_zcu102_base_202220_1|C:/Xilinx/Vitis/2022.2/base_platforms/xilinx_zcu102_base_202220_1/xilinx_zcu102_base_202220_1.xpfm;xilinx_zcu102_base_dfx_202220_1|C:/Xilinx/Vitis/2022.2/base_platforms/xilinx_zcu102_base_dfx_202220_1/xilinx_zcu102_base_dfx_202220_1.xpfm;xilinx_zcu104_base_202220_1|C:/Xilinx/Vitis/2022.2/base_platforms/xilinx_zcu104_base_202220_1/xilinx_zcu104_base_202220_1.xpfm
13:50:23 INFO  : No changes in MSS file content so sources will not be generated.
14:03:10 INFO  : Result from executing command 'removePlatformRepo': 
14:03:19 INFO  : Hardware specification for platform project 'embsys' is updated.
14:03:39 INFO  : No changes in MSS file content so sources will not be generated.
14:04:33 INFO  : Result from executing command 'getProjects': embsys;nexysa7fpga
14:04:33 INFO  : Result from executing command 'getPlatforms': xilinx_zcu102_base_202220_1|C:/Xilinx/Vitis/2022.2/base_platforms/xilinx_zcu102_base_202220_1/xilinx_zcu102_base_202220_1.xpfm;xilinx_zcu102_base_dfx_202220_1|C:/Xilinx/Vitis/2022.2/base_platforms/xilinx_zcu102_base_dfx_202220_1/xilinx_zcu102_base_dfx_202220_1.xpfm;xilinx_zcu104_base_202220_1|C:/Xilinx/Vitis/2022.2/base_platforms/xilinx_zcu104_base_202220_1/xilinx_zcu104_base_202220_1.xpfm
14:04:34 INFO  : Platform 'nexysa7fpga' is added to custom repositories.
14:04:35 INFO  : Platform 'nexysa7fpga' is added to custom repositories.
14:04:39 ERROR : An unexpected exception occurred in the module 'reading platform'
14:04:50 INFO  : Result from executing command 'getProjects': nexysa7fpga
14:04:50 INFO  : Result from executing command 'getPlatforms': nexysa7fpga|C:/ECE544-EmbeddedSystemsFPGA/ece544w25_proj1/ECE544-Project1/nexysa7fpga/export/nexysa7fpga/nexysa7fpga.xpfm;xilinx_zcu102_base_202220_1|C:/Xilinx/Vitis/2022.2/base_platforms/xilinx_zcu102_base_202220_1/xilinx_zcu102_base_202220_1.xpfm;xilinx_zcu102_base_dfx_202220_1|C:/Xilinx/Vitis/2022.2/base_platforms/xilinx_zcu102_base_dfx_202220_1/xilinx_zcu102_base_dfx_202220_1.xpfm;xilinx_zcu104_base_202220_1|C:/Xilinx/Vitis/2022.2/base_platforms/xilinx_zcu104_base_202220_1/xilinx_zcu104_base_202220_1.xpfm
14:06:19 INFO  : Checking for BSP changes to sync application flags for project 'Test_Program2'...
14:06:37 INFO  : Bit file 'C:/ECE544-EmbeddedSystemsFPGA/ece544w25_proj1/ECE544-Project1/Test_Program2/_ide/bitstream/download.bit' is generated.
14:06:37 INFO  : Connected to target on host '127.0.0.1' and port '3121'.
14:06:37 INFO  : 'targets -set -filter {jtag_cable_name =~ "Digilent Nexys A7 -100T 210292BB2FBAA" && level==0 && jtag_device_ctx=="jsn-Nexys A7 -100T-210292BB2FBAA-13631093-0"}' command is executed.
14:06:40 INFO  : Device configured successfully with "C:/ECE544-EmbeddedSystemsFPGA/ece544w25_proj1/ECE544-Project1/Test_Program2/_ide/bitstream/download.bit"
14:07:00 INFO  : Connected to target on host '127.0.0.1' and port '3121'.
14:07:00 INFO  : Jtag cable 'Digilent Nexys A7 -100T 210292BB2FBAA' is selected.
14:07:00 INFO  : 'jtag frequency' command is executed.
14:07:00 INFO  : 'targets -set -filter {jtag_cable_name =~ "Digilent Nexys A7 -100T 210292BB2FBAA" && level==0 && jtag_device_ctx=="jsn-Nexys A7 -100T-210292BB2FBAA-13631093-0"}' command is executed.
14:07:03 INFO  : Device configured successfully with "C:/ECE544-EmbeddedSystemsFPGA/ece544w25_proj1/ECE544-Project1/Test_Program2/_ide/bitstream/download.bit"
14:07:03 INFO  : Context for processor 'microblaze_0' is selected.
14:07:03 INFO  : Hardware design and registers information is loaded from 'C:/ECE544-EmbeddedSystemsFPGA/ece544w25_proj1/ECE544-Project1/nexysa7fpga/export/nexysa7fpga/hw/nexysa7fpga.xsa'.
14:07:03 INFO  : 'configparams mdm-detect-bscan-mask 2' command is executed.
14:07:03 INFO  : Context for processor 'microblaze_0' is selected.
14:07:03 INFO  : System reset is completed.
14:07:06 INFO  : 'after 3000' command is executed.
14:07:06 INFO  : Context for processor 'microblaze_0' is selected.
14:07:06 INFO  : The application 'C:/ECE544-EmbeddedSystemsFPGA/ece544w25_proj1/ECE544-Project1/Test_Program2/Debug/Test_Program2.elf' is downloaded to processor 'microblaze_0'.
14:07:06 INFO  : ----------------XSDB Script----------------
connect -url tcp:127.0.0.1:3121
targets -set -filter {jtag_cable_name =~ "Digilent Nexys A7 -100T 210292BB2FBAA" && level==0 && jtag_device_ctx=="jsn-Nexys A7 -100T-210292BB2FBAA-13631093-0"}
fpga -file C:/ECE544-EmbeddedSystemsFPGA/ece544w25_proj1/ECE544-Project1/Test_Program2/_ide/bitstream/download.bit
targets -set -nocase -filter {name =~ "*microblaze*#0" && bscan=="USER2" }
loadhw -hw C:/ECE544-EmbeddedSystemsFPGA/ece544w25_proj1/ECE544-Project1/nexysa7fpga/export/nexysa7fpga/hw/nexysa7fpga.xsa -regs
configparams mdm-detect-bscan-mask 2
targets -set -nocase -filter {name =~ "*microblaze*#0" && bscan=="USER2" }
rst -system
after 3000
targets -set -nocase -filter {name =~ "*microblaze*#0" && bscan=="USER2" }
dow C:/ECE544-EmbeddedSystemsFPGA/ece544w25_proj1/ECE544-Project1/Test_Program2/Debug/Test_Program2.elf
----------------End of Script----------------

14:07:06 INFO  : Context for processor 'microblaze_0' is selected.
14:07:06 INFO  : 'con' command is executed.
14:07:06 INFO  : ----------------XSDB Script (After Launch)----------------
targets -set -nocase -filter {name =~ "*microblaze*#0" && bscan=="USER2" }
con
----------------End of Script----------------

14:07:06 INFO  : Launch script is exported to file 'C:\ECE544-EmbeddedSystemsFPGA\ece544w25_proj1\ECE544-Project1\Test_Program2_system\_ide\scripts\debugger_test_program2-default.tcl'
14:08:43 INFO  : Disconnected from the channel tcfchan#4.
14:08:44 INFO  : Connected to target on host '127.0.0.1' and port '3121'.
14:08:44 INFO  : Jtag cable 'Digilent Nexys A7 -100T 210292BB2FBAA' is selected.
14:08:44 INFO  : 'jtag frequency' command is executed.
14:08:44 INFO  : 'targets -set -filter {jtag_cable_name =~ "Digilent Nexys A7 -100T 210292BB2FBAA" && level==0 && jtag_device_ctx=="jsn-Nexys A7 -100T-210292BB2FBAA-13631093-0"}' command is executed.
14:08:46 INFO  : Device configured successfully with "C:/ECE544-EmbeddedSystemsFPGA/ece544w25_proj1/ECE544-Project1/Test_Program2/_ide/bitstream/download.bit"
14:08:46 INFO  : Context for processor 'microblaze_0' is selected.
14:08:46 INFO  : Hardware design and registers information is loaded from 'C:/ECE544-EmbeddedSystemsFPGA/ece544w25_proj1/ECE544-Project1/nexysa7fpga/export/nexysa7fpga/hw/nexysa7fpga.xsa'.
14:08:46 INFO  : 'configparams mdm-detect-bscan-mask 2' command is executed.
14:08:46 INFO  : Context for processor 'microblaze_0' is selected.
14:08:46 INFO  : System reset is completed.
14:08:49 INFO  : 'after 3000' command is executed.
14:08:49 INFO  : Context for processor 'microblaze_0' is selected.
14:08:50 INFO  : The application 'C:/ECE544-EmbeddedSystemsFPGA/ece544w25_proj1/ECE544-Project1/Test_Program2/Debug/Test_Program2.elf' is downloaded to processor 'microblaze_0'.
14:08:50 INFO  : ----------------XSDB Script----------------
connect -url tcp:127.0.0.1:3121
targets -set -filter {jtag_cable_name =~ "Digilent Nexys A7 -100T 210292BB2FBAA" && level==0 && jtag_device_ctx=="jsn-Nexys A7 -100T-210292BB2FBAA-13631093-0"}
fpga -file C:/ECE544-EmbeddedSystemsFPGA/ece544w25_proj1/ECE544-Project1/Test_Program2/_ide/bitstream/download.bit
targets -set -nocase -filter {name =~ "*microblaze*#0" && bscan=="USER2" }
loadhw -hw C:/ECE544-EmbeddedSystemsFPGA/ece544w25_proj1/ECE544-Project1/nexysa7fpga/export/nexysa7fpga/hw/nexysa7fpga.xsa -regs
configparams mdm-detect-bscan-mask 2
targets -set -nocase -filter {name =~ "*microblaze*#0" && bscan=="USER2" }
rst -system
after 3000
targets -set -nocase -filter {name =~ "*microblaze*#0" && bscan=="USER2" }
dow C:/ECE544-EmbeddedSystemsFPGA/ece544w25_proj1/ECE544-Project1/Test_Program2/Debug/Test_Program2.elf
----------------End of Script----------------

14:08:50 INFO  : Context for processor 'microblaze_0' is selected.
14:08:50 INFO  : 'con' command is executed.
14:08:50 INFO  : ----------------XSDB Script (After Launch)----------------
targets -set -nocase -filter {name =~ "*microblaze*#0" && bscan=="USER2" }
con
----------------End of Script----------------

14:08:50 INFO  : Launch script is exported to file 'C:\ECE544-EmbeddedSystemsFPGA\ece544w25_proj1\ECE544-Project1\Test_Program2_system\_ide\scripts\debugger_test_program2-default.tcl'
14:10:27 INFO  : Disconnected from the channel tcfchan#5.
14:10:28 INFO  : Connected to target on host '127.0.0.1' and port '3121'.
14:10:28 INFO  : Jtag cable 'Digilent Nexys A7 -100T 210292BB2FBAA' is selected.
14:10:28 INFO  : 'jtag frequency' command is executed.
14:10:28 INFO  : 'targets -set -filter {jtag_cable_name =~ "Digilent Nexys A7 -100T 210292BB2FBAA" && level==0 && jtag_device_ctx=="jsn-Nexys A7 -100T-210292BB2FBAA-13631093-0"}' command is executed.
14:10:30 INFO  : Device configured successfully with "C:/ECE544-EmbeddedSystemsFPGA/ece544w25_proj1/ECE544-Project1/Test_Program2/_ide/bitstream/download.bit"
14:10:30 INFO  : Context for processor 'microblaze_0' is selected.
14:10:30 INFO  : Hardware design and registers information is loaded from 'C:/ECE544-EmbeddedSystemsFPGA/ece544w25_proj1/ECE544-Project1/nexysa7fpga/export/nexysa7fpga/hw/nexysa7fpga.xsa'.
14:10:30 INFO  : 'configparams mdm-detect-bscan-mask 2' command is executed.
14:10:30 INFO  : Context for processor 'microblaze_0' is selected.
14:10:30 INFO  : System reset is completed.
14:10:33 INFO  : 'after 3000' command is executed.
14:10:33 INFO  : Context for processor 'microblaze_0' is selected.
14:10:33 INFO  : The application 'C:/ECE544-EmbeddedSystemsFPGA/ece544w25_proj1/ECE544-Project1/Test_Program2/Debug/Test_Program2.elf' is downloaded to processor 'microblaze_0'.
14:10:33 INFO  : ----------------XSDB Script----------------
connect -url tcp:127.0.0.1:3121
targets -set -filter {jtag_cable_name =~ "Digilent Nexys A7 -100T 210292BB2FBAA" && level==0 && jtag_device_ctx=="jsn-Nexys A7 -100T-210292BB2FBAA-13631093-0"}
fpga -file C:/ECE544-EmbeddedSystemsFPGA/ece544w25_proj1/ECE544-Project1/Test_Program2/_ide/bitstream/download.bit
targets -set -nocase -filter {name =~ "*microblaze*#0" && bscan=="USER2" }
loadhw -hw C:/ECE544-EmbeddedSystemsFPGA/ece544w25_proj1/ECE544-Project1/nexysa7fpga/export/nexysa7fpga/hw/nexysa7fpga.xsa -regs
configparams mdm-detect-bscan-mask 2
targets -set -nocase -filter {name =~ "*microblaze*#0" && bscan=="USER2" }
rst -system
after 3000
targets -set -nocase -filter {name =~ "*microblaze*#0" && bscan=="USER2" }
dow C:/ECE544-EmbeddedSystemsFPGA/ece544w25_proj1/ECE544-Project1/Test_Program2/Debug/Test_Program2.elf
----------------End of Script----------------

14:10:33 INFO  : Context for processor 'microblaze_0' is selected.
14:10:33 INFO  : 'con' command is executed.
14:10:33 INFO  : ----------------XSDB Script (After Launch)----------------
targets -set -nocase -filter {name =~ "*microblaze*#0" && bscan=="USER2" }
con
----------------End of Script----------------

14:10:33 INFO  : Launch script is exported to file 'C:\ECE544-EmbeddedSystemsFPGA\ece544w25_proj1\ECE544-Project1\Test_Program2_system\_ide\scripts\debugger_test_program2-default.tcl'
14:41:12 INFO  : No changes in MSS file content so sources will not be generated.
15:09:10 INFO  : Hardware specification for platform project 'nexysa7fpga' is updated.
15:09:33 INFO  : Launching XSCT server: xsct.bat -n  -interactive C:\ECE544-EmbeddedSystemsFPGA\ece544w25_proj1\ECE544-Project1\temp_xsdb_launch_script.tcl
15:09:35 INFO  : XSCT server has started successfully.
15:09:35 INFO  : Connected to target on host '127.0.0.1' and port '3121'.
15:10:18 ERROR : Failed to update hardware specification for project 'nexysa7fpga'.
Reason: Failed to execute command 'platform config -updatehw {C:/ECE544-EmbeddedSystemsFPGA/ece544w25_proj1/ECE544-Project1/nexysa7fpga.xsa}'. Click on details for more information.
15:10:28 ERROR : An unexpected exception occurred in the module 'reading platform'
15:12:32 ERROR : The platform 'C:/ECE544-EmbeddedSystemsFPGA/ece544w25_proj1/ECE544-Project1/nexysa7fpga/export/nexysa7fpga/nexysa7fpga.xpfm' used by the system project 'Test_Program2_system' is not valid.
15:12:37 INFO  : Checking for BSP changes to sync application flags for project 'Test_Program2'...
15:12:37 ERROR : Failed to get platform details for the project 'Test_Program2'. Cannot sync application flags.
15:12:45 ERROR : An unexpected exception occurred in the module 'reading platform'
15:14:17 INFO  : Checking for BSP changes to sync application flags for project 'Test_Program2'...
15:14:17 ERROR : Failed to get platform details for the project 'Test_Program2'. Cannot sync application flags.
15:15:14 ERROR : The platform 'C:/ECE544-EmbeddedSystemsFPGA/ece544w25_proj1/ECE544-Project1/nexysa7fpga/export/nexysa7fpga/nexysa7fpga.xpfm' used by the system project 'Test_Program2_system' is not valid.
15:16:14 INFO  : Platform 'nexysa7fpga' is added to custom repositories.
15:16:14 WARN  : Failed to closehw "C:/ECE544-EmbeddedSystemsFPGA/ece544w25_proj1/ECE544-Project1/nexysa7fpga/export/nexysa7fpga/hw/nexysa7fpga.xsa"
Reason: Cannot close hw design 'C:/ECE544-EmbeddedSystemsFPGA/ece544w25_proj1/ECE544-Project1/nexysa7fpga/export/nexysa7fpga/hw/nexysa7fpga.xsa'.
Design is not opened in the current session.

15:16:15 INFO  : Platform 'nexysa7fpga' is added to custom repositories.
15:16:18 ERROR : An unexpected exception occurred in the module 'reading platform'
15:16:56 INFO  : Checking for BSP changes to sync application flags for project 'Test_Program_3'...
15:17:12 INFO  : Bit file 'C:/ECE544-EmbeddedSystemsFPGA/ece544w25_proj1/ECE544-Project1/Test_Program_3/_ide/bitstream/download.bit' is generated.
15:17:26 INFO  : Bit file 'C:/ECE544-EmbeddedSystemsFPGA/ece544w25_proj1/ECE544-Project1/Test_Program_3/_ide/bitstream/download.bit' is generated.
15:17:26 INFO  : Connected to target on host '127.0.0.1' and port '3121'.
15:17:26 INFO  : 'targets -set -filter {jtag_cable_name =~ "Digilent Nexys A7 -100T 210292BB2FBAA" && level==0 && jtag_device_ctx=="jsn-Nexys A7 -100T-210292BB2FBAA-13631093-0"}' command is executed.
15:17:28 INFO  : Device configured successfully with "C:/ECE544-EmbeddedSystemsFPGA/ece544w25_proj1/ECE544-Project1/Test_Program_3/_ide/bitstream/download.bit"
15:18:05 INFO  : Checking for BSP changes to sync application flags for project 'Test_Program_3'...
15:18:23 INFO  : Bit file 'C:/ECE544-EmbeddedSystemsFPGA/ece544w25_proj1/ECE544-Project1/Test_Program_3/_ide/bitstream/download.bit' is generated.
15:18:23 INFO  : Connected to target on host '127.0.0.1' and port '3121'.
15:18:23 INFO  : 'targets -set -filter {jtag_cable_name =~ "Digilent Nexys A7 -100T 210292BB2FBAA" && level==0 && jtag_device_ctx=="jsn-Nexys A7 -100T-210292BB2FBAA-13631093-0"}' command is executed.
15:18:25 INFO  : Device configured successfully with "C:/ECE544-EmbeddedSystemsFPGA/ece544w25_proj1/ECE544-Project1/Test_Program_3/_ide/bitstream/download.bit"
15:18:38 INFO  : Connected to target on host '127.0.0.1' and port '3121'.
15:18:38 INFO  : Jtag cable 'Digilent Nexys A7 -100T 210292BB2FBAA' is selected.
15:18:38 INFO  : 'jtag frequency' command is executed.
15:18:38 INFO  : 'targets -set -filter {jtag_cable_name =~ "Digilent Nexys A7 -100T 210292BB2FBAA" && level==0 && jtag_device_ctx=="jsn-Nexys A7 -100T-210292BB2FBAA-13631093-0"}' command is executed.
15:18:40 INFO  : Device configured successfully with "C:/ECE544-EmbeddedSystemsFPGA/ece544w25_proj1/ECE544-Project1/Test_Program_3/_ide/bitstream/download.bit"
15:18:40 INFO  : Context for processor 'microblaze_0' is selected.
15:18:40 INFO  : Hardware design and registers information is loaded from 'C:/ECE544-EmbeddedSystemsFPGA/ece544w25_proj1/ECE544-Project1/nexysa7fpga/export/nexysa7fpga/hw/nexysa7fpga.xsa'.
15:18:40 INFO  : 'configparams mdm-detect-bscan-mask 2' command is executed.
15:18:40 INFO  : Context for processor 'microblaze_0' is selected.
15:18:40 INFO  : System reset is completed.
15:18:43 INFO  : 'after 3000' command is executed.
15:18:43 INFO  : Context for processor 'microblaze_0' is selected.
15:18:43 INFO  : The application 'C:/ECE544-EmbeddedSystemsFPGA/ece544w25_proj1/ECE544-Project1/Test_Program_3/Debug/Test_Program_3.elf' is downloaded to processor 'microblaze_0'.
15:18:43 INFO  : ----------------XSDB Script----------------
connect -url tcp:127.0.0.1:3121
targets -set -filter {jtag_cable_name =~ "Digilent Nexys A7 -100T 210292BB2FBAA" && level==0 && jtag_device_ctx=="jsn-Nexys A7 -100T-210292BB2FBAA-13631093-0"}
fpga -file C:/ECE544-EmbeddedSystemsFPGA/ece544w25_proj1/ECE544-Project1/Test_Program_3/_ide/bitstream/download.bit
targets -set -nocase -filter {name =~ "*microblaze*#0" && bscan=="USER2" }
loadhw -hw C:/ECE544-EmbeddedSystemsFPGA/ece544w25_proj1/ECE544-Project1/nexysa7fpga/export/nexysa7fpga/hw/nexysa7fpga.xsa -regs
configparams mdm-detect-bscan-mask 2
targets -set -nocase -filter {name =~ "*microblaze*#0" && bscan=="USER2" }
rst -system
after 3000
targets -set -nocase -filter {name =~ "*microblaze*#0" && bscan=="USER2" }
dow C:/ECE544-EmbeddedSystemsFPGA/ece544w25_proj1/ECE544-Project1/Test_Program_3/Debug/Test_Program_3.elf
----------------End of Script----------------

15:18:44 INFO  : Context for processor 'microblaze_0' is selected.
15:18:44 INFO  : 'con' command is executed.
15:18:44 INFO  : ----------------XSDB Script (After Launch)----------------
targets -set -nocase -filter {name =~ "*microblaze*#0" && bscan=="USER2" }
con
----------------End of Script----------------

15:18:44 INFO  : Launch script is exported to file 'C:\ECE544-EmbeddedSystemsFPGA\ece544w25_proj1\ECE544-Project1\Test_Program_3_system\_ide\scripts\systemdebugger_test_program_3_system_standalone.tcl'
15:20:00 INFO  : No changes in MSS file content so sources will not be generated.
15:20:09 INFO  : No changes in MSS file content so sources will not be generated.
15:21:36 ERROR : Error occurred while generating bsp sources for the domain 'standalone_microblaze_0'.
15:21:45 ERROR : Error occurred while generating bsp sources for the domain 'standalone_microblaze_0'.
15:35:57 INFO  : Hardware specification for platform project 'nexysa7fpga' is updated.
15:36:28 INFO  : The hardware specification used by project 'Test_Program_3' is out of sync with the platform. Resource files extracted from the hardware specification will be updated.
15:36:28 INFO  : The file 'C:\ECE544-EmbeddedSystemsFPGA\ece544w25_proj1\ECE544-Project1\Test_Program_3\_ide\bitstream\download.bit' stored in project is removed.
15:36:28 INFO  : The file 'C:\ECE544-EmbeddedSystemsFPGA\ece544w25_proj1\ECE544-Project1\Test_Program_3\_ide\bitstream\nexysa7fpga.bit' stored in project is removed.
15:36:28 INFO  : The file 'C:\ECE544-EmbeddedSystemsFPGA\ece544w25_proj1\ECE544-Project1\Test_Program_3\_ide\bitstream\nexysa7fpga.mmi' stored in project is removed.
15:36:28 INFO  : The updated bitstream files are copied from platform to folder 'C:\ECE544-EmbeddedSystemsFPGA\ece544w25_proj1\ECE544-Project1\Test_Program_3\_ide\bitstream' in project 'Test_Program_3'.
15:36:48 INFO  : Bit file 'C:/ECE544-EmbeddedSystemsFPGA/ece544w25_proj1/ECE544-Project1/Test_Program_3/_ide/bitstream/download.bit' is generated.
15:37:02 INFO  : Bit file 'C:/ECE544-EmbeddedSystemsFPGA/ece544w25_proj1/ECE544-Project1/Test_Program_3/_ide/bitstream/download.bit' is generated.
15:37:02 INFO  : Connected to target on host '127.0.0.1' and port '3121'.
15:37:02 INFO  : 'targets -set -filter {jtag_cable_name =~ "Digilent Nexys A7 -100T 210292BB2FBAA" && level==0 && jtag_device_ctx=="jsn-Nexys A7 -100T-210292BB2FBAA-13631093-0"}' command is executed.
15:37:05 INFO  : Device configured successfully with "C:/ECE544-EmbeddedSystemsFPGA/ece544w25_proj1/ECE544-Project1/Test_Program_3/_ide/bitstream/download.bit"
15:37:19 INFO  : Disconnected from the channel tcfchan#1.
15:37:19 INFO  : Connected to target on host '127.0.0.1' and port '3121'.
15:37:19 INFO  : Jtag cable 'Digilent Nexys A7 -100T 210292BB2FBAA' is selected.
15:37:19 INFO  : 'jtag frequency' command is executed.
15:37:19 INFO  : 'targets -set -filter {jtag_cable_name =~ "Digilent Nexys A7 -100T 210292BB2FBAA" && level==0 && jtag_device_ctx=="jsn-Nexys A7 -100T-210292BB2FBAA-13631093-0"}' command is executed.
15:37:21 INFO  : Device configured successfully with "C:/ECE544-EmbeddedSystemsFPGA/ece544w25_proj1/ECE544-Project1/Test_Program_3/_ide/bitstream/download.bit"
15:37:21 INFO  : Context for processor 'microblaze_0' is selected.
15:37:21 INFO  : Hardware design and registers information is loaded from 'C:/ECE544-EmbeddedSystemsFPGA/ece544w25_proj1/ECE544-Project1/nexysa7fpga/export/nexysa7fpga/hw/nexysa7fpga.xsa'.
15:37:21 INFO  : 'configparams mdm-detect-bscan-mask 2' command is executed.
15:37:21 INFO  : Context for processor 'microblaze_0' is selected.
15:37:21 INFO  : System reset is completed.
15:37:24 INFO  : 'after 3000' command is executed.
15:37:24 INFO  : Context for processor 'microblaze_0' is selected.
15:37:24 INFO  : The application 'C:/ECE544-EmbeddedSystemsFPGA/ece544w25_proj1/ECE544-Project1/Test_Program_3/Debug/Test_Program_3.elf' is downloaded to processor 'microblaze_0'.
15:37:24 INFO  : ----------------XSDB Script----------------
connect -url tcp:127.0.0.1:3121
targets -set -filter {jtag_cable_name =~ "Digilent Nexys A7 -100T 210292BB2FBAA" && level==0 && jtag_device_ctx=="jsn-Nexys A7 -100T-210292BB2FBAA-13631093-0"}
fpga -file C:/ECE544-EmbeddedSystemsFPGA/ece544w25_proj1/ECE544-Project1/Test_Program_3/_ide/bitstream/download.bit
targets -set -nocase -filter {name =~ "*microblaze*#0" && bscan=="USER2" }
loadhw -hw C:/ECE544-EmbeddedSystemsFPGA/ece544w25_proj1/ECE544-Project1/nexysa7fpga/export/nexysa7fpga/hw/nexysa7fpga.xsa -regs
configparams mdm-detect-bscan-mask 2
targets -set -nocase -filter {name =~ "*microblaze*#0" && bscan=="USER2" }
rst -system
after 3000
targets -set -nocase -filter {name =~ "*microblaze*#0" && bscan=="USER2" }
dow C:/ECE544-EmbeddedSystemsFPGA/ece544w25_proj1/ECE544-Project1/Test_Program_3/Debug/Test_Program_3.elf
----------------End of Script----------------

15:37:24 INFO  : Context for processor 'microblaze_0' is selected.
15:37:24 INFO  : 'con' command is executed.
15:37:24 INFO  : ----------------XSDB Script (After Launch)----------------
targets -set -nocase -filter {name =~ "*microblaze*#0" && bscan=="USER2" }
con
----------------End of Script----------------

15:37:24 INFO  : Launch script is exported to file 'C:\ECE544-EmbeddedSystemsFPGA\ece544w25_proj1\ECE544-Project1\Test_Program_3_system\_ide\scripts\systemdebugger_test_program_3_system_standalone.tcl'
15:37:46 INFO  : Checking for BSP changes to sync application flags for project 'Test_Program_3'...
15:37:46 INFO  : Updating application flags with new BSP settings...
15:37:46 INFO  : Successfully updated application flags for project Test_Program_3.
15:37:50 INFO  : Checking for BSP changes to sync application flags for project 'Test_Program_3'...
15:38:03 INFO  : Bit file 'C:/ECE544-EmbeddedSystemsFPGA/ece544w25_proj1/ECE544-Project1/Test_Program_3/_ide/bitstream/download.bit' is generated.
15:38:03 INFO  : Connected to target on host '127.0.0.1' and port '3121'.
15:38:03 INFO  : 'targets -set -filter {jtag_cable_name =~ "Digilent Nexys A7 -100T 210292BB2FBAA" && level==0 && jtag_device_ctx=="jsn-Nexys A7 -100T-210292BB2FBAA-13631093-0"}' command is executed.
15:38:06 INFO  : Device configured successfully with "C:/ECE544-EmbeddedSystemsFPGA/ece544w25_proj1/ECE544-Project1/Test_Program_3/_ide/bitstream/download.bit"
15:38:21 INFO  : Disconnected from the channel tcfchan#9.
15:38:22 INFO  : Connected to target on host '127.0.0.1' and port '3121'.
15:38:23 INFO  : Jtag cable 'Digilent Nexys A7 -100T 210292BB2FBAA' is selected.
15:38:23 INFO  : 'jtag frequency' command is executed.
15:38:23 INFO  : 'targets -set -filter {jtag_cable_name =~ "Digilent Nexys A7 -100T 210292BB2FBAA" && level==0 && jtag_device_ctx=="jsn-Nexys A7 -100T-210292BB2FBAA-13631093-0"}' command is executed.
15:38:25 INFO  : Device configured successfully with "C:/ECE544-EmbeddedSystemsFPGA/ece544w25_proj1/ECE544-Project1/Test_Program_3/_ide/bitstream/download.bit"
15:38:25 INFO  : Context for processor 'microblaze_0' is selected.
15:38:25 INFO  : Hardware design and registers information is loaded from 'C:/ECE544-EmbeddedSystemsFPGA/ece544w25_proj1/ECE544-Project1/nexysa7fpga/export/nexysa7fpga/hw/nexysa7fpga.xsa'.
15:38:25 INFO  : 'configparams mdm-detect-bscan-mask 2' command is executed.
15:38:25 INFO  : Context for processor 'microblaze_0' is selected.
15:38:25 INFO  : System reset is completed.
15:38:28 INFO  : 'after 3000' command is executed.
15:38:28 INFO  : Context for processor 'microblaze_0' is selected.
15:38:28 INFO  : The application 'C:/ECE544-EmbeddedSystemsFPGA/ece544w25_proj1/ECE544-Project1/Test_Program_3/Debug/Test_Program_3.elf' is downloaded to processor 'microblaze_0'.
15:38:28 INFO  : ----------------XSDB Script----------------
connect -url tcp:127.0.0.1:3121
targets -set -filter {jtag_cable_name =~ "Digilent Nexys A7 -100T 210292BB2FBAA" && level==0 && jtag_device_ctx=="jsn-Nexys A7 -100T-210292BB2FBAA-13631093-0"}
fpga -file C:/ECE544-EmbeddedSystemsFPGA/ece544w25_proj1/ECE544-Project1/Test_Program_3/_ide/bitstream/download.bit
targets -set -nocase -filter {name =~ "*microblaze*#0" && bscan=="USER2" }
loadhw -hw C:/ECE544-EmbeddedSystemsFPGA/ece544w25_proj1/ECE544-Project1/nexysa7fpga/export/nexysa7fpga/hw/nexysa7fpga.xsa -regs
configparams mdm-detect-bscan-mask 2
targets -set -nocase -filter {name =~ "*microblaze*#0" && bscan=="USER2" }
rst -system
after 3000
targets -set -nocase -filter {name =~ "*microblaze*#0" && bscan=="USER2" }
dow C:/ECE544-EmbeddedSystemsFPGA/ece544w25_proj1/ECE544-Project1/Test_Program_3/Debug/Test_Program_3.elf
----------------End of Script----------------

15:38:28 INFO  : Context for processor 'microblaze_0' is selected.
15:38:28 INFO  : 'con' command is executed.
15:38:28 INFO  : ----------------XSDB Script (After Launch)----------------
targets -set -nocase -filter {name =~ "*microblaze*#0" && bscan=="USER2" }
con
----------------End of Script----------------

15:38:28 INFO  : Launch script is exported to file 'C:\ECE544-EmbeddedSystemsFPGA\ece544w25_proj1\ECE544-Project1\Test_Program_3_system\_ide\scripts\debugger_test_program_3-default.tcl'
19:03:52 WARN  : channel "tcfchan#6" closed
19:03:52 INFO  : Disconnected from the channel tcfchan#11.
